<?xml version="1.0" encoding="UTF-8"?>
<coverage generated="1709826144734" clover="3.2.0">
  <project timestamp="1709826144734" name="All files">
    <metrics statements="2" coveredstatements="2" conditionals="0" coveredconditionals="0" methods="1" coveredmethods="1" elements="3" coveredelements="3" complexity="0" loc="2" ncloc="2" packages="1" files="1" classes="1"/>
    <file name="InstallmentsTotal.tsx" path="/Users/franceberut/work/Projects/pre-purchase/integrations/alma-woocommerce-gateway/src/assets/js/components/Installments/InstallmentsTotal/InstallmentsTotal.tsx">
      <metrics statements="2" coveredstatements="2" conditionals="0" coveredconditionals="0" methods="1" coveredmethods="1"/>
      <line num="9" count="1" type="stmt"/>
      <line num="10" count="1" type="stmt"/>
    </file>
  </project>
</coverage>
