{"/Users/franceberut/work/Projects/pre-purchase/integrations/alma-woocommerce-gateway/src/assets/js/components/Installments/InstallmentsTotal/InstallmentsTotal.tsx": {"path":"/Users/franceberut/work/Projects/pre-purchase/integrations/alma-woocommerce-gateway/src/assets/js/components/Installments/InstallmentsTotal/InstallmentsTotal.tsx","statementMap":{"0":{"start":{"line":9,"column":50},"end":{"line":22,"column":1}},"1":{"start":{"line":10,"column":2},"end":{"line":21,"column":8}}},"fnMap":{"0":{"name":"(anonymous_0)","decl":{"start":{"line":9,"column":50},"end":{"line":9,"column":51}},"loc":{"start":{"line":10,"column":2},"end":{"line":21,"column":8}},"line":10}},"branchMap":{},"s":{"0":1,"1":1},"f":{"0":1},"b":{},"_coverageSchema":"1a1c01bbd47fc00a2c39e90264f33305004495a9","hash":"20413b0fdfee1af0e6476d6a5082bd3cc1af1cb5"}
}
